2018-01-15 19:23:37,766 - Creat_Product - INFO - Open browser
2018-01-15 19:23:41,490 - LoginPage - INFO - 登录
2018-01-15 19:23:45,026 - BasePage - INFO - Had take screenshot and save to folder : /screenshots
2018-01-15 19:23:45,026 - ProductPage - INFO - 跳转到选择的产品页面
2018-01-15 19:23:45,677 - BasePage - INFO - Had take screenshot and save to folder : /screenshots
2018-01-15 19:23:46,328 - BasePage - INFO - Had take screenshot and save to folder : /screenshots
2018-01-15 19:23:46,328 - ProductPage - INFO - 点击创建产品
2018-01-15 19:23:46,772 - BasePage - INFO - Had take screenshot and save to folder : /screenshots
2018-01-15 19:23:47,229 - BasePage - INFO - Had take screenshot and save to folder : /screenshots
2018-01-15 19:23:47,654 - BasePage - INFO - Had take screenshot and save to folder : /screenshots
2018-01-15 19:23:48,480 - BasePage - INFO - Had take screenshot and save to folder : /screenshots
2018-01-15 19:23:48,480 - ProductPage - INFO - 输入标签内容
2018-01-15 19:23:49,020 - BasePage - INFO - Had take screenshot and save to folder : /screenshots
2018-01-15 19:23:49,042 - ProductPage - INFO - 点击添加按钮
2018-01-15 19:23:49,493 - BasePage - INFO - Had take screenshot and save to folder : /screenshots
2018-01-15 19:23:49,493 - ProductPage - INFO - 输入产品名称
2018-01-15 19:23:49,604 - ProductPage - INFO - 修改产品状态
2018-01-15 19:23:49,684 - ProductPage - INFO - 可使用人数
2018-01-15 19:23:49,753 - ProductPage - INFO - 选择开始日期
2018-01-15 19:23:49,989 - ProductPage - INFO - 选择结束日期
2018-01-15 19:23:50,242 - ProductPage - INFO - 输入价格
2018-01-15 19:23:50,293 - ProductPage - INFO - 输入库存
2018-01-15 19:23:50,374 - ProductPage - INFO - 输入位置
2018-01-15 19:23:50,443 - ProductPage - INFO - 输入产品别名
2018-01-15 19:23:50,930 - BasePage - INFO - Had take screenshot and save to folder : /screenshots
2018-01-15 19:23:50,930 - ProductPage - INFO - 切换到框架使用方法
2018-01-15 19:23:51,450 - BasePage - INFO - Had take screenshot and save to folder : /screenshots
2018-01-15 19:23:51,450 - ProductPage - INFO - 切换到框架内容使用
2018-01-15 19:23:51,954 - BasePage - INFO - Had take screenshot and save to folder : /screenshots
2018-01-15 19:23:52,398 - BasePage - INFO - Had take screenshot and save to folder : /screenshots
2018-01-15 19:23:52,398 - ProductPage - INFO - 上传产品相册
2018-01-15 19:23:55,250 - ProductPage - INFO - 上传海报图
2018-01-15 19:23:58,434 - BasePage - INFO - Had take screenshot and save to folder : /screenshots
2018-01-15 19:23:58,434 - ProductPage - INFO - 点击保存按钮
2018-01-15 19:23:58,914 - BasePage - INFO - Had take screenshot and save to folder : /screenshots
2018-01-15 19:23:58,917 - Creat_Product - INFO - Quit browser
