2018-01-15 19:01:50,331 - Creat_Product - INFO - Open browser
2018-01-15 19:01:54,039 - LoginPage - INFO - 登录
2018-01-15 19:01:57,104 - BasePage - INFO - Had take screenshot and save to folder : /screenshots
2018-01-15 19:01:57,105 - ProductPage - INFO - 跳转到选择的产品页面
2018-01-15 19:01:57,746 - BasePage - INFO - Had take screenshot and save to folder : /screenshots
2018-01-15 19:01:58,483 - BasePage - INFO - Had take screenshot and save to folder : /screenshots
2018-01-15 19:01:58,483 - ProductPage - INFO - 点击创建产品
2018-01-15 19:01:58,950 - BasePage - INFO - Had take screenshot and save to folder : /screenshots
2018-01-15 19:01:59,436 - BasePage - INFO - Had take screenshot and save to folder : /screenshots
2018-01-15 19:01:59,869 - BasePage - INFO - Had take screenshot and save to folder : /screenshots
2018-01-15 19:02:00,795 - BasePage - INFO - Had take screenshot and save to folder : /screenshots
2018-01-15 19:02:00,806 - ProductPage - INFO - 输入标签内容
2018-01-15 19:02:01,335 - BasePage - INFO - Had take screenshot and save to folder : /screenshots
2018-01-15 19:02:01,355 - ProductPage - INFO - 点击添加按钮
2018-01-15 19:02:01,825 - BasePage - INFO - Had take screenshot and save to folder : /screenshots
2018-01-15 19:02:01,825 - ProductPage - INFO - 输入产品名称
2018-01-15 19:02:01,961 - ProductPage - INFO - 修改产品状态
2018-01-15 19:02:02,066 - ProductPage - INFO - 选择开始日期
2018-01-15 19:02:02,325 - ProductPage - INFO - 选择结束日期
2018-01-15 19:02:02,558 - ProductPage - INFO - 可使用人数
2018-01-15 19:02:02,621 - ProductPage - INFO - 输入产品别名
2018-01-15 19:02:03,078 - BasePage - INFO - Had take screenshot and save to folder : /screenshots
2018-01-15 19:02:03,078 - ProductPage - INFO - 切换到框架使用方法
2018-01-15 19:02:03,599 - BasePage - INFO - Had take screenshot and save to folder : /screenshots
2018-01-15 19:02:03,599 - ProductPage - INFO - 切换到框架内容使用
2018-01-15 19:02:04,068 - BasePage - INFO - Had take screenshot and save to folder : /screenshots
2018-01-15 19:02:04,529 - BasePage - INFO - Had take screenshot and save to folder : /screenshots
2018-01-15 19:02:04,529 - ProductPage - INFO - 上传产品相册
2018-01-15 19:02:07,372 - ProductPage - INFO - 上传海报图
2018-01-15 19:02:10,588 - BasePage - INFO - Had take screenshot and save to folder : /screenshots
2018-01-15 19:02:10,588 - ProductPage - INFO - 点击保存按钮
2018-01-15 19:02:11,023 - BasePage - INFO - Had take screenshot and save to folder : /screenshots
2018-01-15 19:02:11,023 - Creat_Product - INFO - Quit browser
