2018-01-15 19:22:44,690 - Creat_Product1 - INFO - Open browser
2018-01-15 19:22:48,994 - LoginPage - INFO - 登录
2018-01-15 19:22:51,974 - BasePage - INFO - Had take screenshot and save to folder : /screenshots
2018-01-15 19:22:51,974 - ProductPage - INFO - 跳转到选择的产品页面
2018-01-15 19:22:52,634 - BasePage - INFO - Had take screenshot and save to folder : /screenshots
2018-01-15 19:22:53,328 - BasePage - INFO - Had take screenshot and save to folder : /screenshots
2018-01-15 19:22:53,328 - ProductPage - INFO - 点击创建产品
2018-01-15 19:22:53,769 - BasePage - INFO - Had take screenshot and save to folder : /screenshots
2018-01-15 19:22:54,230 - BasePage - INFO - Had take screenshot and save to folder : /screenshots
2018-01-15 19:22:54,683 - BasePage - INFO - Had take screenshot and save to folder : /screenshots
2018-01-15 19:22:55,585 - BasePage - INFO - Had take screenshot and save to folder : /screenshots
2018-01-15 19:22:55,585 - ProductPage - INFO - 输入标签内容
2018-01-15 19:22:56,131 - BasePage - INFO - Had take screenshot and save to folder : /screenshots
2018-01-15 19:22:56,151 - ProductPage - INFO - 点击添加按钮
2018-01-15 19:22:56,595 - BasePage - INFO - Had take screenshot and save to folder : /screenshots
2018-01-15 19:22:56,595 - ProductPage - INFO - 输入产品名称
2018-01-15 19:22:56,703 - ProductPage - INFO - 修改产品状态
2018-01-15 19:22:56,786 - ProductPage - INFO - 可使用人数
2018-01-15 19:22:56,855 - ProductPage - INFO - 选择开始日期
2018-01-15 19:22:57,069 - ProductPage - INFO - 选择结束日期
2018-01-15 19:22:57,299 - ProductPage - INFO - 输入价格
2018-01-15 19:22:57,351 - ProductPage - INFO - 输入库存
2018-01-15 19:22:57,428 - ProductPage - INFO - 输入位置
2018-01-15 19:22:57,496 - ProductPage - INFO - 选择面积
2018-01-15 19:22:57,571 - ProductPage - INFO - 会议室类型
2018-01-15 19:22:57,671 - ProductPage - INFO - 输入产品别名
2018-01-15 19:22:58,247 - BasePage - INFO - Had take screenshot and save to folder : /screenshots
2018-01-15 19:22:58,247 - ProductPage - INFO - 切换到框架使用方法
2018-01-15 19:22:58,750 - BasePage - INFO - Had take screenshot and save to folder : /screenshots
2018-01-15 19:22:58,750 - ProductPage - INFO - 切换到框架内容使用
2018-01-15 19:22:59,220 - BasePage - INFO - Had take screenshot and save to folder : /screenshots
2018-01-15 19:22:59,687 - BasePage - INFO - Had take screenshot and save to folder : /screenshots
2018-01-15 19:22:59,687 - ProductPage - INFO - 上传产品相册
2018-01-15 19:23:02,526 - ProductPage - INFO - 上传海报图
2018-01-15 19:23:05,828 - BasePage - INFO - Had take screenshot and save to folder : /screenshots
2018-01-15 19:23:05,828 - ProductPage - INFO - 点击保存按钮
2018-01-15 19:23:06,293 - BasePage - INFO - Had take screenshot and save to folder : /screenshots
2018-01-15 19:23:06,296 - LoginPage - INFO - 登录
2018-01-15 19:23:06,408 - LoginPage - INFO - 登录
2018-01-15 19:23:06,470 - Creat_Product1 - INFO - Quit browser
