2018-01-15 18:35:26,765 - Creat_Product - INFO - Open browser
2018-01-15 18:35:30,573 - LoginPage - INFO - 登录
2018-01-15 18:35:33,746 - BasePage - INFO - Had take screenshot and save to folder : /screenshots
2018-01-15 18:35:33,746 - ProductPage - INFO - 跳转到选择的产品页面
2018-01-15 18:35:34,365 - BasePage - INFO - Had take screenshot and save to folder : /screenshots
2018-01-15 18:35:35,069 - BasePage - INFO - Had take screenshot and save to folder : /screenshots
2018-01-15 18:35:35,069 - ProductPage - INFO - 点击创建产品
2018-01-15 18:35:35,506 - BasePage - INFO - Had take screenshot and save to folder : /screenshots
2018-01-15 18:35:35,993 - BasePage - INFO - Had take screenshot and save to folder : /screenshots
2018-01-15 18:35:36,413 - BasePage - INFO - Had take screenshot and save to folder : /screenshots
2018-01-15 18:35:37,226 - BasePage - INFO - Had take screenshot and save to folder : /screenshots
2018-01-15 18:35:37,239 - ProductPage - INFO - 输入标签内容
2018-01-15 18:35:37,730 - BasePage - INFO - Had take screenshot and save to folder : /screenshots
2018-01-15 18:35:37,750 - ProductPage - INFO - 点击添加按钮
2018-01-15 18:35:38,157 - BasePage - INFO - Had take screenshot and save to folder : /screenshots
2018-01-15 18:35:38,157 - ProductPage - INFO - 输入产品名称
2018-01-15 18:35:43,301 - ProductPage - INFO - 修改产品状态
2018-01-15 18:35:43,388 - ProductPage - INFO - 选择开始日期
2018-01-15 18:35:43,615 - ProductPage - INFO - 选择结束日期
2018-01-15 18:35:43,835 - ProductPage - INFO - 可使用人数
2018-01-15 18:35:43,888 - ProductPage - INFO - 输入产品别名
2018-01-15 18:35:44,326 - BasePage - INFO - Had take screenshot and save to folder : /screenshots
2018-01-15 18:35:44,328 - ProductPage - INFO - 切换到框架使用方法
2018-01-15 18:35:44,792 - BasePage - INFO - Had take screenshot and save to folder : /screenshots
2018-01-15 18:35:44,792 - ProductPage - INFO - 切换到框架内容使用
2018-01-15 18:35:45,240 - BasePage - INFO - Had take screenshot and save to folder : /screenshots
2018-01-15 18:35:45,663 - BasePage - INFO - Had take screenshot and save to folder : /screenshots
2018-01-15 18:35:45,663 - ProductPage - INFO - 上传产品相册
2018-01-15 18:35:48,496 - ProductPage - INFO - 上传海报图
2018-01-15 18:35:51,693 - BasePage - INFO - Had take screenshot and save to folder : /screenshots
2018-01-15 18:35:51,694 - ProductPage - INFO - 点击保存按钮
2018-01-15 18:35:52,105 - BasePage - INFO - Had take screenshot and save to folder : /screenshots
2018-01-15 18:35:52,108 - Creat_Product - INFO - Quit browser
